[debug] [2021-05-29T12:10:28.363Z] ----------------------------------------------------------------------
[debug] [2021-05-29T12:10:28.367Z] Command:       C:\Program Files\nodejs\node.exe C:\Users\USER\AppData\Roaming\npm\node_modules\firebase-tools\lib\bin\firebase.js init
[debug] [2021-05-29T12:10:28.368Z] CLI Version:   9.9.0
[debug] [2021-05-29T12:10:28.368Z] Platform:      win32
[debug] [2021-05-29T12:10:28.368Z] Node Version:  v14.16.0
[debug] [2021-05-29T12:10:28.370Z] Time:          Sat May 29 2021 18:10:28 GMT+0600 (Bangladesh Standard Time)
[debug] [2021-05-29T12:10:28.371Z] ----------------------------------------------------------------------
[debug] 
[debug] [2021-05-29T12:10:28.376Z] >>> [apiv2][query] GET https://firebase-public.firebaseio.com/cli.json [none]
[debug] [2021-05-29T12:10:28.422Z] > command requires scopes: ["email","openid","https://www.googleapis.com/auth/cloudplatformprojects.readonly","https://www.googleapis.com/auth/firebase","https://www.googleapis.com/auth/cloud-platform"]
[debug] [2021-05-29T12:10:28.422Z] > authorizing via signed-in user (shshakib7969@gmail.com)
[info] 
     ######## #### ########  ######## ########     ###     ######  ########
     ##        ##  ##     ## ##       ##     ##  ##   ##  ##       ##
     ######    ##  ########  ######   ########  #########  ######  ######
     ##        ##  ##    ##  ##       ##     ## ##     ##       ## ##
     ##       #### ##     ## ######## ########  ##     ##  ######  ########

You're about to initialize a Firebase project in this directory:

  I:\Redux\chat-app

[debug] [2021-05-29T12:10:29.396Z] <<< [apiv2][status] GET https://firebase-public.firebaseio.com/cli.json 200
[debug] [2021-05-29T12:10:29.396Z] <<< [apiv2][body] GET https://firebase-public.firebaseio.com/cli.json {"cloudBuildErrorAfter":1594252800000,"cloudBuildWarnAfter":1590019200000,"defaultNode10After":1594252800000,"minVersion":"3.0.5","node8DeploysDisabledAfter":1613390400000,"node8RuntimeDisabledAfter":1615809600000,"node8WarnAfter":1600128000000}
